<?xml version="1.0" encoding="UTF-8"?>
<!-- Generated by org.testng.reporters.JUnitXMLReporter -->
<testsuite hostname="WKWIN1035567" name="Regression suite 1" tests="8" failures="1" timestamp="11 Apr 2018 09:36:59 GMT" time="27.506" errors="0">
  <testcase name="@AfterMethod teardown" time="0.0" classname="com.qa.testcases.VerifyAddToCartFromPLPTest">
    <failure type="java.lang.NullPointerException">
      <![CDATA[java.lang.NullPointerException
	at com.qa.testBase.AbstractPage.teardown(AbstractPage.java:96)
... Removed 26 stack frames]]>
    </failure>
  </testcase> <!-- @AfterMethod teardown -->
  <testcase name="@BeforeMethod setup" time="0.0" classname="com.qa.testcases.VerifyAddToCartFromPLPTest">
    <skipped/>
  </testcase> <!-- @BeforeMethod setup -->
  <testcase name="@AfterMethod teardown" time="0.0" classname="com.qa.testcases.VerifyAddToCartFromPLPTest">
    <skipped/>
  </testcase> <!-- @AfterMethod teardown -->
  <testcase name="@BeforeMethod setup" time="0.0" classname="com.qa.testcases.VerifyAddToCartFromPLPTest">
    <skipped/>
  </testcase> <!-- @BeforeMethod setup -->
  <testcase name="@AfterMethod teardown" time="0.0" classname="com.qa.testcases.VerifyAddToCartFromPLPTest">
    <skipped/>
  </testcase> <!-- @AfterMethod teardown -->
  <testcase name="@BeforeMethod setup" time="0.0" classname="com.qa.testcases.VerifyAddToCartFromPLPTest">
    <skipped/>
  </testcase> <!-- @BeforeMethod setup -->
  <testcase name="@AfterMethod teardown" time="0.0" classname="com.qa.testcases.VerifyAddToCartFromPLPTest">
    <skipped/>
  </testcase> <!-- @AfterMethod teardown -->
  <testcase name="@BeforeMethod setup" time="0.0" classname="com.qa.testcases.VerifyTheItemsinPLP">
    <skipped/>
  </testcase> <!-- @BeforeMethod setup -->
  <testcase name="@AfterMethod teardown" time="0.0" classname="com.qa.testcases.VerifyTheItemsinPLP">
    <skipped/>
  </testcase> <!-- @AfterMethod teardown -->
  <testcase name="@BeforeMethod setup" time="0.0" classname="com.qa.testcases.VerifyTheItemsinPLP">
    <skipped/>
  </testcase> <!-- @BeforeMethod setup -->
  <testcase name="@AfterMethod teardown" time="0.0" classname="com.qa.testcases.VerifyTheItemsinPLP">
    <skipped/>
  </testcase> <!-- @AfterMethod teardown -->
  <testcase name="@BeforeMethod setup" time="0.0" classname="com.qa.testcases.VerifyTheItemsinPLP">
    <skipped/>
  </testcase> <!-- @BeforeMethod setup -->
  <testcase name="@AfterMethod teardown" time="0.0" classname="com.qa.testcases.VerifyTheItemsinPLP">
    <skipped/>
  </testcase> <!-- @AfterMethod teardown -->
  <testcase name="@BeforeMethod setup" time="0.0" classname="com.qa.testcases.VerifyTheItemsinPLP">
    <skipped/>
  </testcase> <!-- @BeforeMethod setup -->
  <testcase name="@AfterMethod teardown" time="0.0" classname="com.qa.testcases.VerifyTheItemsinPLP">
    <skipped/>
  </testcase> <!-- @AfterMethod teardown -->
  <testcase name="@AfterTest endExtentReport" time="0.0" classname="com.qa.testcases.VerifyTheItemsinPLP">
    <skipped/>
  </testcase> <!-- @AfterTest endExtentReport -->
  <testcase name="addFirstItemfromPLP" time="0.006" classname="com.qa.testcases.VerifyAddToCartFromPLPTest">
    <failure type="java.lang.NullPointerException">
      <![CDATA[java.lang.NullPointerException
	at com.qa.testcases.VerifyAddToCartFromPLPTest.addFirstItemfromPLP(VerifyAddToCartFromPLPTest.java:12)
... Removed 24 stack frames]]>
    </failure>
  </testcase> <!-- addFirstItemfromPLP -->
  <testcase name="addFirstItemfromPLP2" time="0.002" classname="com.qa.testcases.VerifyAddToCartFromPLPTest">
    <skipped/>
  </testcase> <!-- addFirstItemfromPLP2 -->
  <testcase name="addFirstItemfromPLP3" time="0.001" classname="com.qa.testcases.VerifyAddToCartFromPLPTest">
    <skipped/>
  </testcase> <!-- addFirstItemfromPLP3 -->
  <testcase name="addFirstItemfromPLP4" time="0.001" classname="com.qa.testcases.VerifyAddToCartFromPLPTest">
    <skipped/>
  </testcase> <!-- addFirstItemfromPLP4 -->
  <testcase name="VerifyPrimeItemsinFirstPLP" time="0.0" classname="com.qa.testcases.VerifyTheItemsinPLP">
    <skipped/>
  </testcase> <!-- VerifyPrimeItemsinFirstPLP -->
  <testcase name="VerifyPrimeItemsinFirstPLP2" time="0.001" classname="com.qa.testcases.VerifyTheItemsinPLP">
    <skipped/>
  </testcase> <!-- VerifyPrimeItemsinFirstPLP2 -->
  <testcase name="VerifyPrimeItemsinFirstPLP3" time="0.001" classname="com.qa.testcases.VerifyTheItemsinPLP">
    <skipped/>
  </testcase> <!-- VerifyPrimeItemsinFirstPLP3 -->
  <testcase name="VerifyPrimeItemsinFirstPLP4" time="0.0" classname="com.qa.testcases.VerifyTheItemsinPLP">
    <skipped/>
  </testcase> <!-- VerifyPrimeItemsinFirstPLP4 -->
</testsuite> <!-- Regression suite 1 -->
