<?xml version="1.0" encoding="UTF-8"?>
<testsuite xmlns:xsi="http://www.w3.org/2001/XMLSchema-instance" xsi:noNamespaceSchemaLocation="https://maven.apache.org/surefire/maven-surefire-plugin/xsd/surefire-test-report.xsd" name="TestSuite" time="201.147" tests="8" errors="0" skipped="0" failures="1">
  <properties>
[...]
</properties>
  <testcase name="addFirstItemfromPLP" classname="com.qa.testcases.VerifyAddToCartFromPLPTest" time="9.615"/>
  <testcase name="addFirstItemfromPLP2" classname="com.qa.testcases.VerifyAddToCartFromPLPTest" time="0.472">
    <failure message="element not visible&#10;  (Session info: chrome=65.0.3325.181)&#10;  (Driver info: chromedriver=2.35.528161 (5b82f2d2aae0ca24b877009200ced9065a772e73),platform=Windows NT 6.1.7601 SP1 x86_64) (WARNING: The server did not provide any stacktrace information)&#10;Command duration or timeout: 29 milliseconds&#10;Build info: version: &apos;2.47.1&apos;, revision: &apos;unknown&apos;, time: &apos;2015-07-30 11:02:44&apos;&#10;System info: host: &apos;WKWIN1035567&apos;, ip: &apos;10.150.182.136&apos;, os.name: &apos;Windows 7&apos;, os.arch: &apos;amd64&apos;, os.version: &apos;6.1&apos;, java.version: &apos;1.8.0_40&apos;&#10;Driver info: org.openqa.selenium.chrome.ChromeDriver&#10;Capabilities [{applicationCacheEnabled=false, rotatable=false, mobileEmulationEnabled=false, networkConnectionEnabled=false, chrome={chromedriverVersion=2.35.528161 (5b82f2d2aae0ca24b877009200ced9065a772e73), userDataDir=C:\Users\sseela\AppData\Local\Temp\scoped_dir7340_2283}, takesHeapSnapshot=true, pageLoadStrategy=normal, databaseEnabled=false, handlesAlerts=true, hasTouchScreen=false, version=65.0.3325.181, platform=XP, browserConnectionEnabled=false, nativeEvents=true, acceptSslCerts=false, acceptInsecureCerts=false, locationContextEnabled=true, webStorageEnabled=true, browserName=chrome, takesScreenshot=true, javascriptEnabled=true, cssSelectorsEnabled=true, setWindowRect=true, unexpectedAlertBehaviour=}]&#10;Session ID: 2a06cea601762f526692958c155afed4" type="org.openqa.selenium.ElementNotVisibleException">org.openqa.selenium.ElementNotVisibleException: 
element not visible
  (Session info: chrome=65.0.3325.181)
  (Driver info: chromedriver=2.35.528161 (5b82f2d2aae0ca24b877009200ced9065a772e73),platform=Windows NT 6.1.7601 SP1 x86_64) (WARNING: The server did not provide any stacktrace information)
Command duration or timeout: 29 milliseconds
Build info: version: '2.47.1', revision: 'unknown', time: '2015-07-30 11:02:44'
System info: host: 'WKWIN1035567', ip: '10.150.182.136', os.name: 'Windows 7', os.arch: 'amd64', os.version: '6.1', java.version: '1.8.0_40'
Driver info: org.openqa.selenium.chrome.ChromeDriver
Capabilities [{applicationCacheEnabled=false, rotatable=false, mobileEmulationEnabled=false, networkConnectionEnabled=false, chrome={chromedriverVersion=2.35.528161 (5b82f2d2aae0ca24b877009200ced9065a772e73), userDataDir=C:\Users\sseela\AppData\Local\Temp\scoped_dir7340_2283}, takesHeapSnapshot=true, pageLoadStrategy=normal, databaseEnabled=false, handlesAlerts=true, hasTouchScreen=false, version=65.0.3325.181, platform=XP, browserConnectionEnabled=false, nativeEvents=true, acceptSslCerts=false, acceptInsecureCerts=false, locationContextEnabled=true, webStorageEnabled=true, browserName=chrome, takesScreenshot=true, javascriptEnabled=true, cssSelectorsEnabled=true, setWindowRect=true, unexpectedAlertBehaviour=}]
Session ID: 2a06cea601762f526692958c155afed4
	at com.qa.testcases.VerifyAddToCartFromPLPTest.addFirstItemfromPLP2(VerifyAddToCartFromPLPTest.java:25)
</failure>
    <system-out><![CDATA[@BeforeMethod
browser Name:  chrome
]]></system-out>
    <system-err><![CDATA[Starting ChromeDriver 2.35.528161 (5b82f2d2aae0ca24b877009200ced9065a772e73) on port 44599
Only local connections are allowed.
]]></system-err>
  </testcase>
  <testcase name="addFirstItemfromPLP3" classname="com.qa.testcases.VerifyAddToCartFromPLPTest" time="9.391"/>
  <testcase name="addFirstItemfromPLP4" classname="com.qa.testcases.VerifyAddToCartFromPLPTest" time="9.846"/>
  <testcase name="VerifyPrimeItemsinFirstPLP" classname="com.qa.testcases.VerifyTheItemsinPLP" time="4.057"/>
  <testcase name="VerifyPrimeItemsinFirstPLP2" classname="com.qa.testcases.VerifyTheItemsinPLP" time="3.942"/>
  <testcase name="VerifyPrimeItemsinFirstPLP3" classname="com.qa.testcases.VerifyTheItemsinPLP" time="3.613"/>
  <testcase name="VerifyPrimeItemsinFirstPLP4" classname="com.qa.testcases.VerifyTheItemsinPLP" time="8.92"/>
</testsuite>