<?xml version="1.0" encoding="UTF-8"?>
<!-- Generated by org.testng.reporters.JUnitXMLReporter -->
<testsuite hostname="WKWIN1035567" name="com.qa.testcases" tests="8" failures="1" timestamp="11 Apr 2018 09:34:00 GMT" time="166.21" errors="0">
  <testcase name="@AfterMethod teardown" time="0.0" classname="com.qa.testcases.VerifyTheItemsinPLP">
    <failure type="java.lang.NullPointerException">
      <![CDATA[java.lang.NullPointerException
	at com.qa.testBase.AbstractPage.teardown(AbstractPage.java:96)
	at sun.reflect.NativeMethodAccessorImpl.invoke0(Native Method)
	at sun.reflect.NativeMethodAccessorImpl.invoke(NativeMethodAccessorImpl.java:62)
	at sun.reflect.DelegatingMethodAccessorImpl.invoke(DelegatingMethodAccessorImpl.java:43)
	at java.lang.reflect.Method.invoke(Method.java:497)
	at org.testng.internal.MethodInvocationHelper.invokeMethod(MethodInvocationHelper.java:84)
	at org.testng.internal.Invoker.invokeConfigurationMethod(Invoker.java:564)
	at org.testng.internal.Invoker.invokeConfigurations(Invoker.java:213)
	at org.testng.internal.Invoker.invokeMethod(Invoker.java:786)
	at org.testng.internal.Invoker.invokeTestMethod(Invoker.java:901)
	at org.testng.internal.Invoker.invokeTestMethods(Invoker.java:1231)
	at org.testng.internal.TestMethodWorker.invokeTestMethods(TestMethodWorker.java:127)
	at org.testng.internal.TestMethodWorker.run(TestMethodWorker.java:111)
	at org.testng.TestRunner.privateRun(TestRunner.java:767)
	at org.testng.TestRunner.run(TestRunner.java:617)
	at org.testng.SuiteRunner.runTest(SuiteRunner.java:334)
	at org.testng.SuiteRunner.runSequentially(SuiteRunner.java:329)
	at org.testng.SuiteRunner.privateRun(SuiteRunner.java:291)
	at org.testng.SuiteRunner.run(SuiteRunner.java:240)
	at org.testng.SuiteRunnerWorker.runSuite(SuiteRunnerWorker.java:52)
	at org.testng.SuiteRunnerWorker.run(SuiteRunnerWorker.java:86)
	at org.testng.TestNG.runSuitesSequentially(TestNG.java:1224)
	at org.testng.TestNG.runSuitesLocally(TestNG.java:1149)
	at org.testng.TestNG.run(TestNG.java:1057)
	at org.testng.remote.RemoteTestNG.run(RemoteTestNG.java:111)
	at org.testng.remote.RemoteTestNG.initAndRun(RemoteTestNG.java:204)
	at org.testng.remote.RemoteTestNG.main(RemoteTestNG.java:175)
]]>
    </failure>
  </testcase> <!-- @AfterMethod teardown -->
  <testcase name="@BeforeMethod setup" time="0.0" classname="com.qa.testcases.VerifyTheItemsinPLP">
    <skipped/>
  </testcase> <!-- @BeforeMethod setup -->
  <testcase name="@AfterMethod teardown" time="0.0" classname="com.qa.testcases.VerifyTheItemsinPLP">
    <skipped/>
  </testcase> <!-- @AfterMethod teardown -->
  <testcase name="@BeforeMethod setup" time="0.0" classname="com.qa.testcases.VerifyTheItemsinPLP">
    <skipped/>
  </testcase> <!-- @BeforeMethod setup -->
  <testcase name="@AfterMethod teardown" time="0.0" classname="com.qa.testcases.VerifyTheItemsinPLP">
    <skipped/>
  </testcase> <!-- @AfterMethod teardown -->
  <testcase name="@BeforeMethod setup" time="0.0" classname="com.qa.testcases.VerifyTheItemsinPLP">
    <skipped/>
  </testcase> <!-- @BeforeMethod setup -->
  <testcase name="@AfterMethod teardown" time="0.0" classname="com.qa.testcases.VerifyTheItemsinPLP">
    <skipped/>
  </testcase> <!-- @AfterMethod teardown -->
  <testcase name="@AfterTest endExtentReport" time="0.0" classname="com.qa.testcases.VerifyAddToCartFromPLPTest">
    <skipped/>
  </testcase> <!-- @AfterTest endExtentReport -->
  <testcase name="addFirstItemfromPLP" time="10.654" classname="com.qa.testcases.VerifyAddToCartFromPLPTest"/>
  <testcase name="addFirstItemfromPLP2" time="12.68" classname="com.qa.testcases.VerifyAddToCartFromPLPTest"/>
  <testcase name="addFirstItemfromPLP3" time="11.936" classname="com.qa.testcases.VerifyAddToCartFromPLPTest"/>
  <testcase name="addFirstItemfromPLP4" time="10.859" classname="com.qa.testcases.VerifyAddToCartFromPLPTest"/>
  <testcase name="VerifyPrimeItemsinFirstPLP" time="0.001" classname="com.qa.testcases.VerifyTheItemsinPLP">
    <failure type="java.lang.NullPointerException">
      <![CDATA[java.lang.NullPointerException
	at com.qa.testcases.VerifyTheItemsinPLP.VerifyPrimeItemsinFirstPLP(VerifyTheItemsinPLP.java:13)
	at sun.reflect.NativeMethodAccessorImpl.invoke0(Native Method)
	at sun.reflect.NativeMethodAccessorImpl.invoke(NativeMethodAccessorImpl.java:62)
	at sun.reflect.DelegatingMethodAccessorImpl.invoke(DelegatingMethodAccessorImpl.java:43)
	at java.lang.reflect.Method.invoke(Method.java:497)
	at org.testng.internal.MethodInvocationHelper.invokeMethod(MethodInvocationHelper.java:84)
	at org.testng.internal.Invoker.invokeMethod(Invoker.java:714)
	at org.testng.internal.Invoker.invokeTestMethod(Invoker.java:901)
	at org.testng.internal.Invoker.invokeTestMethods(Invoker.java:1231)
	at org.testng.internal.TestMethodWorker.invokeTestMethods(TestMethodWorker.java:127)
	at org.testng.internal.TestMethodWorker.run(TestMethodWorker.java:111)
	at org.testng.TestRunner.privateRun(TestRunner.java:767)
	at org.testng.TestRunner.run(TestRunner.java:617)
	at org.testng.SuiteRunner.runTest(SuiteRunner.java:334)
	at org.testng.SuiteRunner.runSequentially(SuiteRunner.java:329)
	at org.testng.SuiteRunner.privateRun(SuiteRunner.java:291)
	at org.testng.SuiteRunner.run(SuiteRunner.java:240)
	at org.testng.SuiteRunnerWorker.runSuite(SuiteRunnerWorker.java:52)
	at org.testng.SuiteRunnerWorker.run(SuiteRunnerWorker.java:86)
	at org.testng.TestNG.runSuitesSequentially(TestNG.java:1224)
	at org.testng.TestNG.runSuitesLocally(TestNG.java:1149)
	at org.testng.TestNG.run(TestNG.java:1057)
	at org.testng.remote.RemoteTestNG.run(RemoteTestNG.java:111)
	at org.testng.remote.RemoteTestNG.initAndRun(RemoteTestNG.java:204)
	at org.testng.remote.RemoteTestNG.main(RemoteTestNG.java:175)
]]>
    </failure>
  </testcase> <!-- VerifyPrimeItemsinFirstPLP -->
  <testcase name="VerifyPrimeItemsinFirstPLP2" time="0.001" classname="com.qa.testcases.VerifyTheItemsinPLP">
    <skipped/>
  </testcase> <!-- VerifyPrimeItemsinFirstPLP2 -->
  <testcase name="VerifyPrimeItemsinFirstPLP3" time="0.0" classname="com.qa.testcases.VerifyTheItemsinPLP">
    <skipped/>
  </testcase> <!-- VerifyPrimeItemsinFirstPLP3 -->
  <testcase name="VerifyPrimeItemsinFirstPLP4" time="0.001" classname="com.qa.testcases.VerifyTheItemsinPLP">
    <skipped/>
  </testcase> <!-- VerifyPrimeItemsinFirstPLP4 -->
</testsuite> <!-- com.qa.testcases -->
